[2022-08-10 11:03:52,803] {processor.py:153} INFO - Started process (PID=8781) to work on /home/oury/airflow/dags/airfow_es.py
[2022-08-10 11:03:52,803] {processor.py:641} INFO - Processing file /home/oury/airflow/dags/airfow_es.py for tasks to queue
[2022-08-10 11:03:52,803] {logging_mixin.py:115} INFO - [2022-08-10 11:03:52,803] {dagbag.py:507} INFO - Filling up the DagBag from /home/oury/airflow/dags/airfow_es.py
[2022-08-10 11:03:52,804] {processor.py:653} WARNING - No viable dags retrieved from /home/oury/airflow/dags/airfow_es.py
[2022-08-10 11:03:52,812] {processor.py:161} INFO - Processing /home/oury/airflow/dags/airfow_es.py took 0.011 seconds
[2022-08-10 11:04:32,422] {processor.py:153} INFO - Started process (PID=8872) to work on /home/oury/airflow/dags/airfow_es.py
[2022-08-10 11:04:32,422] {processor.py:641} INFO - Processing file /home/oury/airflow/dags/airfow_es.py for tasks to queue
[2022-08-10 11:04:32,422] {logging_mixin.py:115} INFO - [2022-08-10 11:04:32,422] {dagbag.py:507} INFO - Filling up the DagBag from /home/oury/airflow/dags/airfow_es.py
[2022-08-10 11:04:32,423] {processor.py:653} WARNING - No viable dags retrieved from /home/oury/airflow/dags/airfow_es.py
[2022-08-10 11:04:32,431] {processor.py:161} INFO - Processing /home/oury/airflow/dags/airfow_es.py took 0.012 seconds
[2022-08-10 11:05:02,977] {processor.py:153} INFO - Started process (PID=8944) to work on /home/oury/airflow/dags/airfow_es.py
[2022-08-10 11:05:02,977] {processor.py:641} INFO - Processing file /home/oury/airflow/dags/airfow_es.py for tasks to queue
[2022-08-10 11:05:02,978] {logging_mixin.py:115} INFO - [2022-08-10 11:05:02,978] {dagbag.py:507} INFO - Filling up the DagBag from /home/oury/airflow/dags/airfow_es.py
[2022-08-10 11:05:02,979] {processor.py:653} WARNING - No viable dags retrieved from /home/oury/airflow/dags/airfow_es.py
[2022-08-10 11:05:02,987] {processor.py:161} INFO - Processing /home/oury/airflow/dags/airfow_es.py took 0.012 seconds
[2022-08-10 11:05:39,318] {processor.py:153} INFO - Started process (PID=9195) to work on /home/oury/airflow/dags/airfow_es.py
[2022-08-10 11:05:39,319] {processor.py:641} INFO - Processing file /home/oury/airflow/dags/airfow_es.py for tasks to queue
[2022-08-10 11:05:39,320] {logging_mixin.py:115} INFO - [2022-08-10 11:05:39,320] {dagbag.py:507} INFO - Filling up the DagBag from /home/oury/airflow/dags/airfow_es.py
[2022-08-10 11:05:39,325] {processor.py:653} WARNING - No viable dags retrieved from /home/oury/airflow/dags/airfow_es.py
[2022-08-10 11:05:39,340] {processor.py:161} INFO - Processing /home/oury/airflow/dags/airfow_es.py took 0.049 seconds
[2022-08-10 11:05:48,359] {processor.py:153} INFO - Started process (PID=9333) to work on /home/oury/airflow/dags/airfow_es.py
[2022-08-10 11:05:48,369] {processor.py:641} INFO - Processing file /home/oury/airflow/dags/airfow_es.py for tasks to queue
[2022-08-10 11:05:48,370] {logging_mixin.py:115} INFO - [2022-08-10 11:05:48,370] {dagbag.py:507} INFO - Filling up the DagBag from /home/oury/airflow/dags/airfow_es.py
[2022-08-10 11:05:49,636] {processor.py:651} INFO - DAG(s) dict_keys(['data_pipeline']) retrieved from /home/oury/airflow/dags/airfow_es.py
[2022-08-10 11:05:49,752] {logging_mixin.py:115} INFO - [2022-08-10 11:05:49,752] {dag.py:2379} INFO - Sync 1 DAGs
[2022-08-10 11:05:49,761] {logging_mixin.py:115} INFO - [2022-08-10 11:05:49,761] {dag.py:2398} INFO - Creating ORM DAG for data_pipeline
[2022-08-10 11:05:49,793] {logging_mixin.py:115} INFO - [2022-08-10 11:05:49,793] {dag.py:2923} INFO - Setting next_dagrun for data_pipeline to 2022-08-10T09:50:00+00:00, run_after=2022-08-10T10:00:00+00:00
[2022-08-10 11:05:49,844] {processor.py:161} INFO - Processing /home/oury/airflow/dags/airfow_es.py took 1.508 seconds
[2022-08-10 11:06:02,740] {processor.py:153} INFO - Started process (PID=9539) to work on /home/oury/airflow/dags/airfow_es.py
[2022-08-10 11:06:02,746] {processor.py:641} INFO - Processing file /home/oury/airflow/dags/airfow_es.py for tasks to queue
[2022-08-10 11:06:02,747] {logging_mixin.py:115} INFO - [2022-08-10 11:06:02,747] {dagbag.py:507} INFO - Filling up the DagBag from /home/oury/airflow/dags/airfow_es.py
[2022-08-10 11:06:03,714] {processor.py:651} INFO - DAG(s) dict_keys(['data_pipeline']) retrieved from /home/oury/airflow/dags/airfow_es.py
[2022-08-10 11:06:03,717] {logging_mixin.py:115} INFO - [2022-08-10 11:06:03,717] {dag.py:2379} INFO - Sync 1 DAGs
[2022-08-10 11:06:03,731] {logging_mixin.py:115} INFO - [2022-08-10 11:06:03,731] {dag.py:2923} INFO - Setting next_dagrun for data_pipeline to 2022-08-10T09:50:00+00:00, run_after=2022-08-10T10:00:00+00:00
[2022-08-10 11:06:03,745] {processor.py:161} INFO - Processing /home/oury/airflow/dags/airfow_es.py took 1.042 seconds
[2022-08-10 11:06:18,142] {processor.py:153} INFO - Started process (PID=9564) to work on /home/oury/airflow/dags/airfow_es.py
[2022-08-10 11:06:18,143] {processor.py:641} INFO - Processing file /home/oury/airflow/dags/airfow_es.py for tasks to queue
[2022-08-10 11:06:18,143] {logging_mixin.py:115} INFO - [2022-08-10 11:06:18,143] {dagbag.py:507} INFO - Filling up the DagBag from /home/oury/airflow/dags/airfow_es.py
[2022-08-10 11:06:18,608] {processor.py:651} INFO - DAG(s) dict_keys(['data_pipeline']) retrieved from /home/oury/airflow/dags/airfow_es.py
[2022-08-10 11:06:18,611] {logging_mixin.py:115} INFO - [2022-08-10 11:06:18,611] {dag.py:2379} INFO - Sync 1 DAGs
[2022-08-10 11:06:18,625] {logging_mixin.py:115} INFO - [2022-08-10 11:06:18,624] {dag.py:2923} INFO - Setting next_dagrun for data_pipeline to 2022-08-10T09:50:00+00:00, run_after=2022-08-10T10:00:00+00:00
[2022-08-10 11:06:18,891] {processor.py:161} INFO - Processing /home/oury/airflow/dags/airfow_es.py took 0.751 seconds
[2022-08-10 11:06:31,726] {processor.py:153} INFO - Started process (PID=9580) to work on /home/oury/airflow/dags/airfow_es.py
[2022-08-10 11:06:31,726] {processor.py:641} INFO - Processing file /home/oury/airflow/dags/airfow_es.py for tasks to queue
[2022-08-10 11:06:31,727] {logging_mixin.py:115} INFO - [2022-08-10 11:06:31,727] {dagbag.py:507} INFO - Filling up the DagBag from /home/oury/airflow/dags/airfow_es.py
[2022-08-10 11:06:32,120] {processor.py:651} INFO - DAG(s) dict_keys(['data_pipeline']) retrieved from /home/oury/airflow/dags/airfow_es.py
[2022-08-10 11:06:32,127] {logging_mixin.py:115} INFO - [2022-08-10 11:06:32,127] {dag.py:2379} INFO - Sync 1 DAGs
[2022-08-10 11:06:32,141] {logging_mixin.py:115} INFO - [2022-08-10 11:06:32,141] {dag.py:2923} INFO - Setting next_dagrun for data_pipeline to 2022-08-10T09:50:00+00:00, run_after=2022-08-10T10:00:00+00:00
[2022-08-10 11:06:32,151] {processor.py:161} INFO - Processing /home/oury/airflow/dags/airfow_es.py took 0.428 seconds
[2022-08-10 11:06:42,113] {processor.py:153} INFO - Started process (PID=9601) to work on /home/oury/airflow/dags/airfow_es.py
[2022-08-10 11:06:42,113] {processor.py:641} INFO - Processing file /home/oury/airflow/dags/airfow_es.py for tasks to queue
[2022-08-10 11:06:42,114] {logging_mixin.py:115} INFO - [2022-08-10 11:06:42,114] {dagbag.py:507} INFO - Filling up the DagBag from /home/oury/airflow/dags/airfow_es.py
[2022-08-10 11:06:42,400] {processor.py:651} INFO - DAG(s) dict_keys(['data_pipeline']) retrieved from /home/oury/airflow/dags/airfow_es.py
[2022-08-10 11:06:42,407] {logging_mixin.py:115} INFO - [2022-08-10 11:06:42,406] {dag.py:2379} INFO - Sync 1 DAGs
[2022-08-10 11:06:42,421] {logging_mixin.py:115} INFO - [2022-08-10 11:06:42,421] {dag.py:2923} INFO - Setting next_dagrun for data_pipeline to 2022-08-10T09:50:00+00:00, run_after=2022-08-10T10:00:00+00:00
[2022-08-10 11:06:42,432] {processor.py:161} INFO - Processing /home/oury/airflow/dags/airfow_es.py took 0.322 seconds
[2022-08-10 11:06:51,393] {processor.py:153} INFO - Started process (PID=9621) to work on /home/oury/airflow/dags/airfow_es.py
[2022-08-10 11:06:51,393] {processor.py:641} INFO - Processing file /home/oury/airflow/dags/airfow_es.py for tasks to queue
[2022-08-10 11:06:51,393] {logging_mixin.py:115} INFO - [2022-08-10 11:06:51,393] {dagbag.py:507} INFO - Filling up the DagBag from /home/oury/airflow/dags/airfow_es.py
[2022-08-10 11:06:51,681] {processor.py:651} INFO - DAG(s) dict_keys(['data_pipeline']) retrieved from /home/oury/airflow/dags/airfow_es.py
[2022-08-10 11:06:51,688] {logging_mixin.py:115} INFO - [2022-08-10 11:06:51,688] {dag.py:2379} INFO - Sync 1 DAGs
[2022-08-10 11:06:51,703] {logging_mixin.py:115} INFO - [2022-08-10 11:06:51,703] {dag.py:2923} INFO - Setting next_dagrun for data_pipeline to 2022-08-10T09:50:00+00:00, run_after=2022-08-10T10:00:00+00:00
[2022-08-10 11:06:51,715] {processor.py:161} INFO - Processing /home/oury/airflow/dags/airfow_es.py took 0.325 seconds
[2022-08-10 11:07:00,549] {processor.py:153} INFO - Started process (PID=9637) to work on /home/oury/airflow/dags/airfow_es.py
[2022-08-10 11:07:00,550] {processor.py:641} INFO - Processing file /home/oury/airflow/dags/airfow_es.py for tasks to queue
[2022-08-10 11:07:00,550] {logging_mixin.py:115} INFO - [2022-08-10 11:07:00,550] {dagbag.py:507} INFO - Filling up the DagBag from /home/oury/airflow/dags/airfow_es.py
[2022-08-10 11:07:00,848] {logging_mixin.py:115} INFO - [2022-08-10 11:07:00,843] {dagbag.py:412} ERROR - Failed to bag_dag: /home/oury/airflow/dags/airfow_es.py
Traceback (most recent call last):
  File "/home/oury/.local/lib/python3.10/site-packages/croniter/croniter.py", line 172, in _alphaconv
    return cls.ALPHACONV[index][key]
KeyError: '*/'

During handling of the above exception, another exception occurred:

Traceback (most recent call last):
  File "/home/oury/.local/lib/python3.10/site-packages/airflow/timetables/interval.py", line 173, in validate
    croniter(self._expression)
  File "/home/oury/.local/lib/python3.10/site-packages/croniter/croniter.py", line 166, in __init__
    self.expanded, self.nth_weekday_of_month = self.expand(expr_format, hash_id=hash_id)
  File "/home/oury/.local/lib/python3.10/site-packages/croniter/croniter.py", line 774, in expand
    return cls._expand(expr_format, hash_id=hash_id)
  File "/home/oury/.local/lib/python3.10/site-packages/croniter/croniter.py", line 717, in _expand
    t = cls._alphaconv(i, t, expressions)
  File "/home/oury/.local/lib/python3.10/site-packages/croniter/croniter.py", line 174, in _alphaconv
    raise CroniterNotAlphaError(
croniter.croniter.CroniterNotAlphaError: [*/ * * * *] is not acceptable

During handling of the above exception, another exception occurred:

Traceback (most recent call last):
  File "/home/oury/.local/lib/python3.10/site-packages/airflow/models/dagbag.py", line 405, in _process_modules
    dag.timetable.validate()
  File "/home/oury/.local/lib/python3.10/site-packages/airflow/timetables/interval.py", line 175, in validate
    raise AirflowTimetableInvalid(str(e))
airflow.exceptions.AirflowTimetableInvalid: [*/ * * * *] is not acceptable
[2022-08-10 11:07:00,848] {processor.py:653} WARNING - No viable dags retrieved from /home/oury/airflow/dags/airfow_es.py
[2022-08-10 11:07:00,860] {processor.py:161} INFO - Processing /home/oury/airflow/dags/airfow_es.py took 0.313 seconds
[2022-08-10 11:07:11,154] {processor.py:153} INFO - Started process (PID=9652) to work on /home/oury/airflow/dags/airfow_es.py
[2022-08-10 11:07:11,155] {processor.py:641} INFO - Processing file /home/oury/airflow/dags/airfow_es.py for tasks to queue
[2022-08-10 11:07:11,155] {logging_mixin.py:115} INFO - [2022-08-10 11:07:11,155] {dagbag.py:507} INFO - Filling up the DagBag from /home/oury/airflow/dags/airfow_es.py
[2022-08-10 11:07:11,430] {processor.py:651} INFO - DAG(s) dict_keys(['data_pipeline']) retrieved from /home/oury/airflow/dags/airfow_es.py
[2022-08-10 11:07:11,459] {logging_mixin.py:115} INFO - [2022-08-10 11:07:11,459] {dag.py:2379} INFO - Sync 1 DAGs
[2022-08-10 11:07:11,472] {logging_mixin.py:115} INFO - [2022-08-10 11:07:11,472] {dag.py:2923} INFO - Setting next_dagrun for data_pipeline to 2022-08-10T10:00:00+00:00, run_after=2022-08-10T10:05:00+00:00
[2022-08-10 11:07:11,487] {processor.py:161} INFO - Processing /home/oury/airflow/dags/airfow_es.py took 0.336 seconds
[2022-08-10 11:07:21,810] {processor.py:153} INFO - Started process (PID=9673) to work on /home/oury/airflow/dags/airfow_es.py
[2022-08-10 11:07:21,811] {processor.py:641} INFO - Processing file /home/oury/airflow/dags/airfow_es.py for tasks to queue
[2022-08-10 11:07:21,811] {logging_mixin.py:115} INFO - [2022-08-10 11:07:21,811] {dagbag.py:507} INFO - Filling up the DagBag from /home/oury/airflow/dags/airfow_es.py
[2022-08-10 11:07:21,813] {processor.py:653} WARNING - No viable dags retrieved from /home/oury/airflow/dags/airfow_es.py
[2022-08-10 11:07:21,822] {processor.py:161} INFO - Processing /home/oury/airflow/dags/airfow_es.py took 0.014 seconds
[2022-08-10 11:07:31,566] {processor.py:153} INFO - Started process (PID=9689) to work on /home/oury/airflow/dags/airfow_es.py
[2022-08-10 11:07:31,566] {processor.py:641} INFO - Processing file /home/oury/airflow/dags/airfow_es.py for tasks to queue
[2022-08-10 11:07:31,567] {logging_mixin.py:115} INFO - [2022-08-10 11:07:31,567] {dagbag.py:507} INFO - Filling up the DagBag from /home/oury/airflow/dags/airfow_es.py
[2022-08-10 11:07:31,568] {processor.py:653} WARNING - No viable dags retrieved from /home/oury/airflow/dags/airfow_es.py
[2022-08-10 11:07:31,576] {processor.py:161} INFO - Processing /home/oury/airflow/dags/airfow_es.py took 0.012 seconds
[2022-08-10 11:07:41,886] {processor.py:153} INFO - Started process (PID=9708) to work on /home/oury/airflow/dags/airfow_es.py
[2022-08-10 11:07:41,887] {processor.py:641} INFO - Processing file /home/oury/airflow/dags/airfow_es.py for tasks to queue
[2022-08-10 11:07:41,888] {logging_mixin.py:115} INFO - [2022-08-10 11:07:41,887] {dagbag.py:507} INFO - Filling up the DagBag from /home/oury/airflow/dags/airfow_es.py
[2022-08-10 11:07:41,889] {processor.py:653} WARNING - No viable dags retrieved from /home/oury/airflow/dags/airfow_es.py
[2022-08-10 11:07:41,897] {processor.py:161} INFO - Processing /home/oury/airflow/dags/airfow_es.py took 0.013 seconds
[2022-08-10 11:07:52,786] {processor.py:153} INFO - Started process (PID=9722) to work on /home/oury/airflow/dags/airfow_es.py
[2022-08-10 11:07:52,786] {processor.py:641} INFO - Processing file /home/oury/airflow/dags/airfow_es.py for tasks to queue
[2022-08-10 11:07:52,787] {logging_mixin.py:115} INFO - [2022-08-10 11:07:52,787] {dagbag.py:507} INFO - Filling up the DagBag from /home/oury/airflow/dags/airfow_es.py
[2022-08-10 11:07:52,788] {processor.py:653} WARNING - No viable dags retrieved from /home/oury/airflow/dags/airfow_es.py
[2022-08-10 11:07:52,796] {processor.py:161} INFO - Processing /home/oury/airflow/dags/airfow_es.py took 0.012 seconds
[2022-08-10 11:08:05,430] {processor.py:153} INFO - Started process (PID=9737) to work on /home/oury/airflow/dags/airfow_es.py
[2022-08-10 11:08:05,430] {processor.py:641} INFO - Processing file /home/oury/airflow/dags/airfow_es.py for tasks to queue
[2022-08-10 11:08:05,431] {logging_mixin.py:115} INFO - [2022-08-10 11:08:05,431] {dagbag.py:507} INFO - Filling up the DagBag from /home/oury/airflow/dags/airfow_es.py
[2022-08-10 11:08:05,432] {processor.py:653} WARNING - No viable dags retrieved from /home/oury/airflow/dags/airfow_es.py
[2022-08-10 11:08:05,440] {processor.py:161} INFO - Processing /home/oury/airflow/dags/airfow_es.py took 0.012 seconds
[2022-08-10 11:08:15,915] {processor.py:153} INFO - Started process (PID=9815) to work on /home/oury/airflow/dags/airfow_es.py
[2022-08-10 11:08:15,915] {processor.py:641} INFO - Processing file /home/oury/airflow/dags/airfow_es.py for tasks to queue
[2022-08-10 11:08:15,916] {logging_mixin.py:115} INFO - [2022-08-10 11:08:15,916] {dagbag.py:507} INFO - Filling up the DagBag from /home/oury/airflow/dags/airfow_es.py
[2022-08-10 11:08:15,917] {processor.py:653} WARNING - No viable dags retrieved from /home/oury/airflow/dags/airfow_es.py
[2022-08-10 11:08:15,929] {processor.py:161} INFO - Processing /home/oury/airflow/dags/airfow_es.py took 0.018 seconds
[2022-08-10 11:08:26,249] {processor.py:153} INFO - Started process (PID=9836) to work on /home/oury/airflow/dags/airfow_es.py
[2022-08-10 11:08:26,250] {processor.py:641} INFO - Processing file /home/oury/airflow/dags/airfow_es.py for tasks to queue
[2022-08-10 11:08:26,250] {logging_mixin.py:115} INFO - [2022-08-10 11:08:26,250] {dagbag.py:507} INFO - Filling up the DagBag from /home/oury/airflow/dags/airfow_es.py
[2022-08-10 11:08:26,251] {processor.py:653} WARNING - No viable dags retrieved from /home/oury/airflow/dags/airfow_es.py
[2022-08-10 11:08:26,259] {processor.py:161} INFO - Processing /home/oury/airflow/dags/airfow_es.py took 0.012 seconds
[2022-08-10 11:08:37,553] {processor.py:153} INFO - Started process (PID=9853) to work on /home/oury/airflow/dags/airfow_es.py
[2022-08-10 11:08:37,557] {processor.py:641} INFO - Processing file /home/oury/airflow/dags/airfow_es.py for tasks to queue
[2022-08-10 11:08:37,558] {logging_mixin.py:115} INFO - [2022-08-10 11:08:37,557] {dagbag.py:507} INFO - Filling up the DagBag from /home/oury/airflow/dags/airfow_es.py
[2022-08-10 11:08:37,559] {processor.py:653} WARNING - No viable dags retrieved from /home/oury/airflow/dags/airfow_es.py
[2022-08-10 11:08:37,583] {processor.py:161} INFO - Processing /home/oury/airflow/dags/airfow_es.py took 0.034 seconds
[2022-08-10 11:08:48,822] {processor.py:153} INFO - Started process (PID=9875) to work on /home/oury/airflow/dags/airfow_es.py
[2022-08-10 11:08:48,823] {processor.py:641} INFO - Processing file /home/oury/airflow/dags/airfow_es.py for tasks to queue
[2022-08-10 11:08:48,823] {logging_mixin.py:115} INFO - [2022-08-10 11:08:48,823] {dagbag.py:507} INFO - Filling up the DagBag from /home/oury/airflow/dags/airfow_es.py
[2022-08-10 11:08:48,824] {processor.py:653} WARNING - No viable dags retrieved from /home/oury/airflow/dags/airfow_es.py
[2022-08-10 11:08:48,835] {processor.py:161} INFO - Processing /home/oury/airflow/dags/airfow_es.py took 0.015 seconds
[2022-08-10 11:09:00,053] {processor.py:153} INFO - Started process (PID=9894) to work on /home/oury/airflow/dags/airfow_es.py
[2022-08-10 11:09:00,054] {processor.py:641} INFO - Processing file /home/oury/airflow/dags/airfow_es.py for tasks to queue
[2022-08-10 11:09:00,054] {logging_mixin.py:115} INFO - [2022-08-10 11:09:00,054] {dagbag.py:507} INFO - Filling up the DagBag from /home/oury/airflow/dags/airfow_es.py
[2022-08-10 11:09:00,382] {processor.py:651} INFO - DAG(s) dict_keys(['data_pipeline']) retrieved from /home/oury/airflow/dags/airfow_es.py
[2022-08-10 11:09:00,389] {logging_mixin.py:115} INFO - [2022-08-10 11:09:00,389] {dag.py:2379} INFO - Sync 1 DAGs
[2022-08-10 11:09:00,411] {logging_mixin.py:115} INFO - [2022-08-10 11:09:00,411] {dag.py:2923} INFO - Setting next_dagrun for data_pipeline to 2022-08-10T10:00:00+00:00, run_after=2022-08-10T10:05:00+00:00
[2022-08-10 11:09:00,423] {processor.py:161} INFO - Processing /home/oury/airflow/dags/airfow_es.py took 0.372 seconds
[2022-08-10 11:09:11,732] {processor.py:153} INFO - Started process (PID=9915) to work on /home/oury/airflow/dags/airfow_es.py
[2022-08-10 11:09:11,738] {processor.py:641} INFO - Processing file /home/oury/airflow/dags/airfow_es.py for tasks to queue
[2022-08-10 11:09:11,739] {logging_mixin.py:115} INFO - [2022-08-10 11:09:11,739] {dagbag.py:507} INFO - Filling up the DagBag from /home/oury/airflow/dags/airfow_es.py
[2022-08-10 11:09:12,087] {processor.py:651} INFO - DAG(s) dict_keys(['data_pipeline']) retrieved from /home/oury/airflow/dags/airfow_es.py
[2022-08-10 11:09:12,102] {logging_mixin.py:115} INFO - [2022-08-10 11:09:12,102] {dag.py:2379} INFO - Sync 1 DAGs
[2022-08-10 11:09:12,125] {logging_mixin.py:115} INFO - [2022-08-10 11:09:12,125] {dag.py:2923} INFO - Setting next_dagrun for data_pipeline to 2022-08-10T10:00:00+00:00, run_after=2022-08-10T10:05:00+00:00
[2022-08-10 11:09:12,146] {processor.py:161} INFO - Processing /home/oury/airflow/dags/airfow_es.py took 0.417 seconds
[2022-08-10 11:09:24,538] {processor.py:153} INFO - Started process (PID=9941) to work on /home/oury/airflow/dags/airfow_es.py
[2022-08-10 11:09:24,538] {processor.py:641} INFO - Processing file /home/oury/airflow/dags/airfow_es.py for tasks to queue
[2022-08-10 11:09:24,539] {logging_mixin.py:115} INFO - [2022-08-10 11:09:24,539] {dagbag.py:507} INFO - Filling up the DagBag from /home/oury/airflow/dags/airfow_es.py
[2022-08-10 11:09:24,939] {processor.py:651} INFO - DAG(s) dict_keys(['data_pipeline']) retrieved from /home/oury/airflow/dags/airfow_es.py
[2022-08-10 11:09:24,968] {logging_mixin.py:115} INFO - [2022-08-10 11:09:24,968] {dag.py:2379} INFO - Sync 1 DAGs
[2022-08-10 11:09:24,982] {logging_mixin.py:115} INFO - [2022-08-10 11:09:24,982] {dag.py:2923} INFO - Setting next_dagrun for data_pipeline to 2022-08-10T10:00:00+00:00, run_after=2022-08-10T10:05:00+00:00
[2022-08-10 11:09:24,997] {processor.py:161} INFO - Processing /home/oury/airflow/dags/airfow_es.py took 0.461 seconds
[2022-08-10 11:09:36,098] {processor.py:153} INFO - Started process (PID=9956) to work on /home/oury/airflow/dags/airfow_es.py
[2022-08-10 11:09:36,099] {processor.py:641} INFO - Processing file /home/oury/airflow/dags/airfow_es.py for tasks to queue
[2022-08-10 11:09:36,100] {logging_mixin.py:115} INFO - [2022-08-10 11:09:36,100] {dagbag.py:507} INFO - Filling up the DagBag from /home/oury/airflow/dags/airfow_es.py
[2022-08-10 11:09:36,458] {processor.py:651} INFO - DAG(s) dict_keys(['data_pipeline']) retrieved from /home/oury/airflow/dags/airfow_es.py
[2022-08-10 11:09:36,461] {logging_mixin.py:115} INFO - [2022-08-10 11:09:36,461] {dag.py:2379} INFO - Sync 1 DAGs
[2022-08-10 11:09:36,475] {logging_mixin.py:115} INFO - [2022-08-10 11:09:36,475] {dag.py:2923} INFO - Setting next_dagrun for data_pipeline to 2022-08-10T10:00:00+00:00, run_after=2022-08-10T10:05:00+00:00
[2022-08-10 11:09:36,486] {processor.py:161} INFO - Processing /home/oury/airflow/dags/airfow_es.py took 0.396 seconds
[2022-08-10 11:09:47,229] {processor.py:153} INFO - Started process (PID=9971) to work on /home/oury/airflow/dags/airfow_es.py
[2022-08-10 11:09:47,230] {processor.py:641} INFO - Processing file /home/oury/airflow/dags/airfow_es.py for tasks to queue
[2022-08-10 11:09:47,230] {logging_mixin.py:115} INFO - [2022-08-10 11:09:47,230] {dagbag.py:507} INFO - Filling up the DagBag from /home/oury/airflow/dags/airfow_es.py
[2022-08-10 11:09:47,512] {processor.py:651} INFO - DAG(s) dict_keys(['data_pipeline']) retrieved from /home/oury/airflow/dags/airfow_es.py
[2022-08-10 11:09:47,515] {logging_mixin.py:115} INFO - [2022-08-10 11:09:47,515] {dag.py:2379} INFO - Sync 1 DAGs
[2022-08-10 11:09:47,529] {logging_mixin.py:115} INFO - [2022-08-10 11:09:47,529] {dag.py:2923} INFO - Setting next_dagrun for data_pipeline to 2022-08-10T10:00:00+00:00, run_after=2022-08-10T10:05:00+00:00
[2022-08-10 11:09:47,539] {processor.py:161} INFO - Processing /home/oury/airflow/dags/airfow_es.py took 0.313 seconds
[2022-08-10 11:09:58,846] {processor.py:153} INFO - Started process (PID=9994) to work on /home/oury/airflow/dags/airfow_es.py
[2022-08-10 11:09:58,846] {processor.py:641} INFO - Processing file /home/oury/airflow/dags/airfow_es.py for tasks to queue
[2022-08-10 11:09:58,847] {logging_mixin.py:115} INFO - [2022-08-10 11:09:58,847] {dagbag.py:507} INFO - Filling up the DagBag from /home/oury/airflow/dags/airfow_es.py
[2022-08-10 11:09:59,138] {processor.py:651} INFO - DAG(s) dict_keys(['data_pipeline']) retrieved from /home/oury/airflow/dags/airfow_es.py
[2022-08-10 11:09:59,145] {logging_mixin.py:115} INFO - [2022-08-10 11:09:59,145] {dag.py:2379} INFO - Sync 1 DAGs
[2022-08-10 11:09:59,159] {logging_mixin.py:115} INFO - [2022-08-10 11:09:59,159] {dag.py:2923} INFO - Setting next_dagrun for data_pipeline to 2022-08-10T10:00:00+00:00, run_after=2022-08-10T10:05:00+00:00
[2022-08-10 11:09:59,169] {processor.py:161} INFO - Processing /home/oury/airflow/dags/airfow_es.py took 0.325 seconds
[2022-08-10 11:10:10,237] {processor.py:153} INFO - Started process (PID=10011) to work on /home/oury/airflow/dags/airfow_es.py
[2022-08-10 11:10:10,238] {processor.py:641} INFO - Processing file /home/oury/airflow/dags/airfow_es.py for tasks to queue
[2022-08-10 11:10:10,238] {logging_mixin.py:115} INFO - [2022-08-10 11:10:10,238] {dagbag.py:507} INFO - Filling up the DagBag from /home/oury/airflow/dags/airfow_es.py
[2022-08-10 11:10:10,523] {processor.py:651} INFO - DAG(s) dict_keys(['data_pipeline']) retrieved from /home/oury/airflow/dags/airfow_es.py
[2022-08-10 11:10:10,530] {logging_mixin.py:115} INFO - [2022-08-10 11:10:10,530] {dag.py:2379} INFO - Sync 1 DAGs
[2022-08-10 11:10:10,544] {logging_mixin.py:115} INFO - [2022-08-10 11:10:10,543] {dag.py:2923} INFO - Setting next_dagrun for data_pipeline to 2022-08-10T10:05:00+00:00, run_after=2022-08-10T10:10:00+00:00
[2022-08-10 11:10:10,554] {processor.py:161} INFO - Processing /home/oury/airflow/dags/airfow_es.py took 0.319 seconds
[2022-08-10 11:10:20,254] {processor.py:153} INFO - Started process (PID=10024) to work on /home/oury/airflow/dags/airfow_es.py
[2022-08-10 11:10:20,254] {processor.py:641} INFO - Processing file /home/oury/airflow/dags/airfow_es.py for tasks to queue
[2022-08-10 11:10:20,255] {logging_mixin.py:115} INFO - [2022-08-10 11:10:20,255] {dagbag.py:507} INFO - Filling up the DagBag from /home/oury/airflow/dags/airfow_es.py
[2022-08-10 11:10:20,536] {processor.py:651} INFO - DAG(s) dict_keys(['data_pipeline']) retrieved from /home/oury/airflow/dags/airfow_es.py
[2022-08-10 11:10:20,543] {logging_mixin.py:115} INFO - [2022-08-10 11:10:20,543] {dag.py:2379} INFO - Sync 1 DAGs
[2022-08-10 11:10:20,556] {logging_mixin.py:115} INFO - [2022-08-10 11:10:20,556] {dag.py:2923} INFO - Setting next_dagrun for data_pipeline to 2022-08-10T10:05:00+00:00, run_after=2022-08-10T10:10:00+00:00
[2022-08-10 11:10:20,567] {processor.py:161} INFO - Processing /home/oury/airflow/dags/airfow_es.py took 0.315 seconds
[2022-08-10 11:10:30,661] {processor.py:153} INFO - Started process (PID=10037) to work on /home/oury/airflow/dags/airfow_es.py
[2022-08-10 11:10:30,662] {processor.py:641} INFO - Processing file /home/oury/airflow/dags/airfow_es.py for tasks to queue
[2022-08-10 11:10:30,663] {logging_mixin.py:115} INFO - [2022-08-10 11:10:30,663] {dagbag.py:507} INFO - Filling up the DagBag from /home/oury/airflow/dags/airfow_es.py
[2022-08-10 11:10:31,053] {processor.py:651} INFO - DAG(s) dict_keys(['data_pipeline']) retrieved from /home/oury/airflow/dags/airfow_es.py
[2022-08-10 11:10:31,060] {logging_mixin.py:115} INFO - [2022-08-10 11:10:31,060] {dag.py:2379} INFO - Sync 1 DAGs
[2022-08-10 11:10:31,074] {logging_mixin.py:115} INFO - [2022-08-10 11:10:31,073] {dag.py:2923} INFO - Setting next_dagrun for data_pipeline to 2022-08-10T10:05:00+00:00, run_after=2022-08-10T10:10:00+00:00
[2022-08-10 11:10:31,084] {processor.py:161} INFO - Processing /home/oury/airflow/dags/airfow_es.py took 0.427 seconds
[2022-08-10 11:10:39,818] {processor.py:153} INFO - Started process (PID=10057) to work on /home/oury/airflow/dags/airfow_es.py
[2022-08-10 11:10:39,819] {processor.py:641} INFO - Processing file /home/oury/airflow/dags/airfow_es.py for tasks to queue
[2022-08-10 11:10:39,819] {logging_mixin.py:115} INFO - [2022-08-10 11:10:39,819] {dagbag.py:507} INFO - Filling up the DagBag from /home/oury/airflow/dags/airfow_es.py
[2022-08-10 11:10:40,119] {processor.py:651} INFO - DAG(s) dict_keys(['data_pipeline']) retrieved from /home/oury/airflow/dags/airfow_es.py
[2022-08-10 11:10:40,126] {logging_mixin.py:115} INFO - [2022-08-10 11:10:40,126] {dag.py:2379} INFO - Sync 1 DAGs
[2022-08-10 11:10:40,143] {logging_mixin.py:115} INFO - [2022-08-10 11:10:40,143] {dag.py:2923} INFO - Setting next_dagrun for data_pipeline to 2022-08-10T10:05:00+00:00, run_after=2022-08-10T10:10:00+00:00
[2022-08-10 11:10:40,157] {processor.py:161} INFO - Processing /home/oury/airflow/dags/airfow_es.py took 0.341 seconds
[2022-08-10 11:10:51,773] {processor.py:153} INFO - Started process (PID=10073) to work on /home/oury/airflow/dags/airfow_es.py
[2022-08-10 11:10:51,773] {processor.py:641} INFO - Processing file /home/oury/airflow/dags/airfow_es.py for tasks to queue
[2022-08-10 11:10:51,774] {logging_mixin.py:115} INFO - [2022-08-10 11:10:51,774] {dagbag.py:507} INFO - Filling up the DagBag from /home/oury/airflow/dags/airfow_es.py
[2022-08-10 11:10:52,065] {processor.py:651} INFO - DAG(s) dict_keys(['data_pipeline']) retrieved from /home/oury/airflow/dags/airfow_es.py
[2022-08-10 11:10:52,073] {logging_mixin.py:115} INFO - [2022-08-10 11:10:52,073] {dag.py:2379} INFO - Sync 1 DAGs
[2022-08-10 11:10:52,088] {logging_mixin.py:115} INFO - [2022-08-10 11:10:52,088] {dag.py:2923} INFO - Setting next_dagrun for data_pipeline to 2022-08-10T10:05:00+00:00, run_after=2022-08-10T10:10:00+00:00
[2022-08-10 11:10:52,101] {processor.py:161} INFO - Processing /home/oury/airflow/dags/airfow_es.py took 0.330 seconds
[2022-08-10 11:11:14,132] {processor.py:153} INFO - Started process (PID=10093) to work on /home/oury/airflow/dags/airfow_es.py
[2022-08-10 11:11:14,132] {processor.py:641} INFO - Processing file /home/oury/airflow/dags/airfow_es.py for tasks to queue
[2022-08-10 11:11:14,133] {logging_mixin.py:115} INFO - [2022-08-10 11:11:14,133] {dagbag.py:507} INFO - Filling up the DagBag from /home/oury/airflow/dags/airfow_es.py
[2022-08-10 11:11:14,410] {processor.py:651} INFO - DAG(s) dict_keys(['data_pipeline']) retrieved from /home/oury/airflow/dags/airfow_es.py
[2022-08-10 11:11:14,417] {logging_mixin.py:115} INFO - [2022-08-10 11:11:14,417] {dag.py:2379} INFO - Sync 1 DAGs
[2022-08-10 11:11:14,431] {logging_mixin.py:115} INFO - [2022-08-10 11:11:14,431] {dag.py:2923} INFO - Setting next_dagrun for data_pipeline to 2022-08-10T10:05:00+00:00, run_after=2022-08-10T10:10:00+00:00
[2022-08-10 11:11:14,443] {processor.py:161} INFO - Processing /home/oury/airflow/dags/airfow_es.py took 0.314 seconds
[2022-08-10 11:11:51,706] {processor.py:153} INFO - Started process (PID=10167) to work on /home/oury/airflow/dags/airfow_es.py
[2022-08-10 11:11:51,708] {processor.py:641} INFO - Processing file /home/oury/airflow/dags/airfow_es.py for tasks to queue
[2022-08-10 11:11:51,709] {logging_mixin.py:115} INFO - [2022-08-10 11:11:51,708] {dagbag.py:507} INFO - Filling up the DagBag from /home/oury/airflow/dags/airfow_es.py
[2022-08-10 11:11:52,194] {processor.py:651} INFO - DAG(s) dict_keys(['data_pipeline']) retrieved from /home/oury/airflow/dags/airfow_es.py
[2022-08-10 11:11:52,204] {logging_mixin.py:115} INFO - [2022-08-10 11:11:52,204] {dag.py:2379} INFO - Sync 1 DAGs
[2022-08-10 11:11:52,226] {logging_mixin.py:115} INFO - [2022-08-10 11:11:52,226] {dag.py:2923} INFO - Setting next_dagrun for data_pipeline to 2022-08-10T10:05:00+00:00, run_after=2022-08-10T10:10:00+00:00
[2022-08-10 11:11:52,239] {processor.py:161} INFO - Processing /home/oury/airflow/dags/airfow_es.py took 0.537 seconds
[2022-08-10 11:12:11,189] {processor.py:153} INFO - Started process (PID=10188) to work on /home/oury/airflow/dags/airfow_es.py
[2022-08-10 11:12:11,190] {processor.py:641} INFO - Processing file /home/oury/airflow/dags/airfow_es.py for tasks to queue
[2022-08-10 11:12:11,190] {logging_mixin.py:115} INFO - [2022-08-10 11:12:11,190] {dagbag.py:507} INFO - Filling up the DagBag from /home/oury/airflow/dags/airfow_es.py
[2022-08-10 11:12:11,608] {processor.py:651} INFO - DAG(s) dict_keys(['data_pipeline']) retrieved from /home/oury/airflow/dags/airfow_es.py
[2022-08-10 11:12:11,614] {logging_mixin.py:115} INFO - [2022-08-10 11:12:11,614] {dag.py:2379} INFO - Sync 1 DAGs
[2022-08-10 11:12:11,630] {logging_mixin.py:115} INFO - [2022-08-10 11:12:11,629] {dag.py:2923} INFO - Setting next_dagrun for data_pipeline to 2022-08-10T10:10:00+00:00, run_after=2022-08-10T10:15:00+00:00
[2022-08-10 11:12:11,642] {processor.py:161} INFO - Processing /home/oury/airflow/dags/airfow_es.py took 0.455 seconds
[2022-08-10 11:12:33,502] {processor.py:153} INFO - Started process (PID=10214) to work on /home/oury/airflow/dags/airfow_es.py
[2022-08-10 11:12:33,503] {processor.py:641} INFO - Processing file /home/oury/airflow/dags/airfow_es.py for tasks to queue
[2022-08-10 11:12:33,503] {logging_mixin.py:115} INFO - [2022-08-10 11:12:33,503] {dagbag.py:507} INFO - Filling up the DagBag from /home/oury/airflow/dags/airfow_es.py
[2022-08-10 11:12:33,785] {processor.py:651} INFO - DAG(s) dict_keys(['data_pipeline']) retrieved from /home/oury/airflow/dags/airfow_es.py
[2022-08-10 11:12:33,792] {logging_mixin.py:115} INFO - [2022-08-10 11:12:33,792] {dag.py:2379} INFO - Sync 1 DAGs
[2022-08-10 11:12:33,807] {logging_mixin.py:115} INFO - [2022-08-10 11:12:33,807] {dag.py:2923} INFO - Setting next_dagrun for data_pipeline to 2022-08-10T10:10:00+00:00, run_after=2022-08-10T10:15:00+00:00
[2022-08-10 11:12:33,818] {processor.py:161} INFO - Processing /home/oury/airflow/dags/airfow_es.py took 0.319 seconds
[2022-08-10 11:12:47,739] {processor.py:153} INFO - Started process (PID=10234) to work on /home/oury/airflow/dags/airfow_es.py
[2022-08-10 11:12:47,739] {processor.py:641} INFO - Processing file /home/oury/airflow/dags/airfow_es.py for tasks to queue
[2022-08-10 11:12:47,740] {logging_mixin.py:115} INFO - [2022-08-10 11:12:47,740] {dagbag.py:507} INFO - Filling up the DagBag from /home/oury/airflow/dags/airfow_es.py
[2022-08-10 11:12:48,027] {processor.py:651} INFO - DAG(s) dict_keys(['data_pipeline']) retrieved from /home/oury/airflow/dags/airfow_es.py
[2022-08-10 11:12:48,034] {logging_mixin.py:115} INFO - [2022-08-10 11:12:48,034] {dag.py:2379} INFO - Sync 1 DAGs
[2022-08-10 11:12:48,049] {logging_mixin.py:115} INFO - [2022-08-10 11:12:48,049] {dag.py:2923} INFO - Setting next_dagrun for data_pipeline to 2022-08-10T10:10:00+00:00, run_after=2022-08-10T10:15:00+00:00
[2022-08-10 11:12:48,059] {processor.py:161} INFO - Processing /home/oury/airflow/dags/airfow_es.py took 0.323 seconds
[2022-08-10 11:12:56,637] {processor.py:153} INFO - Started process (PID=10245) to work on /home/oury/airflow/dags/airfow_es.py
[2022-08-10 11:12:56,637] {processor.py:641} INFO - Processing file /home/oury/airflow/dags/airfow_es.py for tasks to queue
[2022-08-10 11:12:56,638] {logging_mixin.py:115} INFO - [2022-08-10 11:12:56,638] {dagbag.py:507} INFO - Filling up the DagBag from /home/oury/airflow/dags/airfow_es.py
[2022-08-10 11:12:56,917] {processor.py:651} INFO - DAG(s) dict_keys(['data_pipeline']) retrieved from /home/oury/airflow/dags/airfow_es.py
[2022-08-10 11:12:56,924] {logging_mixin.py:115} INFO - [2022-08-10 11:12:56,924] {dag.py:2379} INFO - Sync 1 DAGs
[2022-08-10 11:12:56,939] {logging_mixin.py:115} INFO - [2022-08-10 11:12:56,939] {dag.py:2923} INFO - Setting next_dagrun for data_pipeline to 2022-08-10T10:10:00+00:00, run_after=2022-08-10T10:15:00+00:00
[2022-08-10 11:12:56,949] {processor.py:161} INFO - Processing /home/oury/airflow/dags/airfow_es.py took 0.315 seconds
[2022-08-10 11:13:05,852] {processor.py:153} INFO - Started process (PID=10257) to work on /home/oury/airflow/dags/airfow_es.py
[2022-08-10 11:13:05,852] {processor.py:641} INFO - Processing file /home/oury/airflow/dags/airfow_es.py for tasks to queue
[2022-08-10 11:13:05,853] {logging_mixin.py:115} INFO - [2022-08-10 11:13:05,853] {dagbag.py:507} INFO - Filling up the DagBag from /home/oury/airflow/dags/airfow_es.py
[2022-08-10 11:13:06,136] {processor.py:651} INFO - DAG(s) dict_keys(['data_pipeline']) retrieved from /home/oury/airflow/dags/airfow_es.py
[2022-08-10 11:13:06,145] {logging_mixin.py:115} INFO - [2022-08-10 11:13:06,145] {dag.py:2379} INFO - Sync 1 DAGs
[2022-08-10 11:13:06,163] {logging_mixin.py:115} INFO - [2022-08-10 11:13:06,163] {dag.py:2923} INFO - Setting next_dagrun for data_pipeline to 2022-08-10T10:10:00+00:00, run_after=2022-08-10T10:15:00+00:00
[2022-08-10 11:13:06,217] {processor.py:161} INFO - Processing /home/oury/airflow/dags/airfow_es.py took 0.368 seconds
[2022-08-10 11:13:14,994] {processor.py:153} INFO - Started process (PID=10278) to work on /home/oury/airflow/dags/airfow_es.py
[2022-08-10 11:13:14,994] {processor.py:641} INFO - Processing file /home/oury/airflow/dags/airfow_es.py for tasks to queue
[2022-08-10 11:13:14,995] {logging_mixin.py:115} INFO - [2022-08-10 11:13:14,995] {dagbag.py:507} INFO - Filling up the DagBag from /home/oury/airflow/dags/airfow_es.py
[2022-08-10 11:13:15,297] {processor.py:651} INFO - DAG(s) dict_keys(['data_pipeline']) retrieved from /home/oury/airflow/dags/airfow_es.py
[2022-08-10 11:13:15,304] {logging_mixin.py:115} INFO - [2022-08-10 11:13:15,304] {dag.py:2379} INFO - Sync 1 DAGs
[2022-08-10 11:13:15,319] {logging_mixin.py:115} INFO - [2022-08-10 11:13:15,319] {dag.py:2923} INFO - Setting next_dagrun for data_pipeline to 2022-08-10T10:10:00+00:00, run_after=2022-08-10T10:15:00+00:00
[2022-08-10 11:13:15,329] {processor.py:161} INFO - Processing /home/oury/airflow/dags/airfow_es.py took 0.338 seconds
[2022-08-10 11:13:27,897] {processor.py:153} INFO - Started process (PID=10295) to work on /home/oury/airflow/dags/airfow_es.py
[2022-08-10 11:13:27,897] {processor.py:641} INFO - Processing file /home/oury/airflow/dags/airfow_es.py for tasks to queue
[2022-08-10 11:13:27,898] {logging_mixin.py:115} INFO - [2022-08-10 11:13:27,898] {dagbag.py:507} INFO - Filling up the DagBag from /home/oury/airflow/dags/airfow_es.py
[2022-08-10 11:13:28,269] {processor.py:651} INFO - DAG(s) dict_keys(['data_pipeline']) retrieved from /home/oury/airflow/dags/airfow_es.py
[2022-08-10 11:13:28,277] {logging_mixin.py:115} INFO - [2022-08-10 11:13:28,277] {dag.py:2379} INFO - Sync 1 DAGs
[2022-08-10 11:13:28,295] {logging_mixin.py:115} INFO - [2022-08-10 11:13:28,295] {dag.py:2923} INFO - Setting next_dagrun for data_pipeline to 2022-08-10T10:10:00+00:00, run_after=2022-08-10T10:15:00+00:00
[2022-08-10 11:13:28,308] {processor.py:161} INFO - Processing /home/oury/airflow/dags/airfow_es.py took 0.414 seconds
[2022-08-10 11:13:39,417] {processor.py:153} INFO - Started process (PID=10309) to work on /home/oury/airflow/dags/airfow_es.py
[2022-08-10 11:13:39,417] {processor.py:641} INFO - Processing file /home/oury/airflow/dags/airfow_es.py for tasks to queue
[2022-08-10 11:13:39,418] {logging_mixin.py:115} INFO - [2022-08-10 11:13:39,418] {dagbag.py:507} INFO - Filling up the DagBag from /home/oury/airflow/dags/airfow_es.py
[2022-08-10 11:13:39,697] {processor.py:651} INFO - DAG(s) dict_keys(['data_pipeline']) retrieved from /home/oury/airflow/dags/airfow_es.py
[2022-08-10 11:13:39,704] {logging_mixin.py:115} INFO - [2022-08-10 11:13:39,704] {dag.py:2379} INFO - Sync 1 DAGs
[2022-08-10 11:13:39,719] {logging_mixin.py:115} INFO - [2022-08-10 11:13:39,719] {dag.py:2923} INFO - Setting next_dagrun for data_pipeline to 2022-08-10T10:10:00+00:00, run_after=2022-08-10T10:15:00+00:00
[2022-08-10 11:13:39,729] {processor.py:161} INFO - Processing /home/oury/airflow/dags/airfow_es.py took 0.315 seconds
[2022-08-10 11:13:51,253] {processor.py:153} INFO - Started process (PID=10324) to work on /home/oury/airflow/dags/airfow_es.py
[2022-08-10 11:13:51,254] {processor.py:641} INFO - Processing file /home/oury/airflow/dags/airfow_es.py for tasks to queue
[2022-08-10 11:13:51,254] {logging_mixin.py:115} INFO - [2022-08-10 11:13:51,254] {dagbag.py:507} INFO - Filling up the DagBag from /home/oury/airflow/dags/airfow_es.py
[2022-08-10 11:13:51,542] {processor.py:651} INFO - DAG(s) dict_keys(['data_pipeline']) retrieved from /home/oury/airflow/dags/airfow_es.py
[2022-08-10 11:13:51,548] {logging_mixin.py:115} INFO - [2022-08-10 11:13:51,548] {dag.py:2379} INFO - Sync 1 DAGs
[2022-08-10 11:13:51,564] {logging_mixin.py:115} INFO - [2022-08-10 11:13:51,564] {dag.py:2923} INFO - Setting next_dagrun for data_pipeline to 2022-08-10T10:10:00+00:00, run_after=2022-08-10T10:15:00+00:00
[2022-08-10 11:13:51,578] {processor.py:161} INFO - Processing /home/oury/airflow/dags/airfow_es.py took 0.327 seconds
[2022-08-10 11:14:03,085] {processor.py:153} INFO - Started process (PID=10340) to work on /home/oury/airflow/dags/airfow_es.py
[2022-08-10 11:14:03,086] {processor.py:641} INFO - Processing file /home/oury/airflow/dags/airfow_es.py for tasks to queue
[2022-08-10 11:14:03,086] {logging_mixin.py:115} INFO - [2022-08-10 11:14:03,086] {dagbag.py:507} INFO - Filling up the DagBag from /home/oury/airflow/dags/airfow_es.py
[2022-08-10 11:14:03,359] {processor.py:651} INFO - DAG(s) dict_keys(['data_pipeline']) retrieved from /home/oury/airflow/dags/airfow_es.py
[2022-08-10 11:14:03,366] {logging_mixin.py:115} INFO - [2022-08-10 11:14:03,366] {dag.py:2379} INFO - Sync 1 DAGs
[2022-08-10 11:14:03,380] {logging_mixin.py:115} INFO - [2022-08-10 11:14:03,380] {dag.py:2923} INFO - Setting next_dagrun for data_pipeline to 2022-08-10T10:10:00+00:00, run_after=2022-08-10T10:15:00+00:00
[2022-08-10 11:14:03,391] {processor.py:161} INFO - Processing /home/oury/airflow/dags/airfow_es.py took 0.307 seconds
[2022-08-10 11:14:14,594] {processor.py:153} INFO - Started process (PID=10354) to work on /home/oury/airflow/dags/airfow_es.py
[2022-08-10 11:14:14,594] {processor.py:641} INFO - Processing file /home/oury/airflow/dags/airfow_es.py for tasks to queue
[2022-08-10 11:14:14,595] {logging_mixin.py:115} INFO - [2022-08-10 11:14:14,594] {dagbag.py:507} INFO - Filling up the DagBag from /home/oury/airflow/dags/airfow_es.py
[2022-08-10 11:14:14,875] {processor.py:651} INFO - DAG(s) dict_keys(['data_pipeline']) retrieved from /home/oury/airflow/dags/airfow_es.py
[2022-08-10 11:14:14,881] {logging_mixin.py:115} INFO - [2022-08-10 11:14:14,881] {dag.py:2379} INFO - Sync 1 DAGs
[2022-08-10 11:14:14,897] {logging_mixin.py:115} INFO - [2022-08-10 11:14:14,897] {dag.py:2923} INFO - Setting next_dagrun for data_pipeline to 2022-08-10T10:10:00+00:00, run_after=2022-08-10T10:15:00+00:00
[2022-08-10 11:14:14,909] {processor.py:161} INFO - Processing /home/oury/airflow/dags/airfow_es.py took 0.318 seconds
[2022-08-10 11:14:25,030] {processor.py:153} INFO - Started process (PID=10367) to work on /home/oury/airflow/dags/airfow_es.py
[2022-08-10 11:14:25,030] {processor.py:641} INFO - Processing file /home/oury/airflow/dags/airfow_es.py for tasks to queue
[2022-08-10 11:14:25,030] {logging_mixin.py:115} INFO - [2022-08-10 11:14:25,030] {dagbag.py:507} INFO - Filling up the DagBag from /home/oury/airflow/dags/airfow_es.py
[2022-08-10 11:14:25,311] {processor.py:651} INFO - DAG(s) dict_keys(['data_pipeline']) retrieved from /home/oury/airflow/dags/airfow_es.py
[2022-08-10 11:14:25,318] {logging_mixin.py:115} INFO - [2022-08-10 11:14:25,318] {dag.py:2379} INFO - Sync 1 DAGs
[2022-08-10 11:14:25,332] {logging_mixin.py:115} INFO - [2022-08-10 11:14:25,332] {dag.py:2923} INFO - Setting next_dagrun for data_pipeline to 2022-08-10T10:10:00+00:00, run_after=2022-08-10T10:15:00+00:00
[2022-08-10 11:14:25,342] {processor.py:161} INFO - Processing /home/oury/airflow/dags/airfow_es.py took 0.315 seconds
[2022-08-10 11:14:35,558] {processor.py:153} INFO - Started process (PID=10383) to work on /home/oury/airflow/dags/airfow_es.py
[2022-08-10 11:14:35,558] {processor.py:641} INFO - Processing file /home/oury/airflow/dags/airfow_es.py for tasks to queue
[2022-08-10 11:14:35,559] {logging_mixin.py:115} INFO - [2022-08-10 11:14:35,559] {dagbag.py:507} INFO - Filling up the DagBag from /home/oury/airflow/dags/airfow_es.py
[2022-08-10 11:14:35,844] {processor.py:651} INFO - DAG(s) dict_keys(['data_pipeline']) retrieved from /home/oury/airflow/dags/airfow_es.py
[2022-08-10 11:14:35,851] {logging_mixin.py:115} INFO - [2022-08-10 11:14:35,850] {dag.py:2379} INFO - Sync 1 DAGs
[2022-08-10 11:14:35,865] {logging_mixin.py:115} INFO - [2022-08-10 11:14:35,865] {dag.py:2923} INFO - Setting next_dagrun for data_pipeline to 2022-08-10T10:10:00+00:00, run_after=2022-08-10T10:15:00+00:00
[2022-08-10 11:14:35,876] {processor.py:161} INFO - Processing /home/oury/airflow/dags/airfow_es.py took 0.320 seconds
[2022-08-10 11:14:45,829] {processor.py:153} INFO - Started process (PID=10399) to work on /home/oury/airflow/dags/airfow_es.py
[2022-08-10 11:14:45,830] {processor.py:641} INFO - Processing file /home/oury/airflow/dags/airfow_es.py for tasks to queue
[2022-08-10 11:14:45,831] {logging_mixin.py:115} INFO - [2022-08-10 11:14:45,831] {dagbag.py:507} INFO - Filling up the DagBag from /home/oury/airflow/dags/airfow_es.py
[2022-08-10 11:14:46,176] {processor.py:651} INFO - DAG(s) dict_keys(['data_pipeline']) retrieved from /home/oury/airflow/dags/airfow_es.py
[2022-08-10 11:14:46,186] {logging_mixin.py:115} INFO - [2022-08-10 11:14:46,186] {dag.py:2379} INFO - Sync 1 DAGs
[2022-08-10 11:14:46,207] {logging_mixin.py:115} INFO - [2022-08-10 11:14:46,207] {dag.py:2923} INFO - Setting next_dagrun for data_pipeline to 2022-08-10T10:10:00+00:00, run_after=2022-08-10T10:15:00+00:00
[2022-08-10 11:14:46,220] {processor.py:161} INFO - Processing /home/oury/airflow/dags/airfow_es.py took 0.394 seconds
[2022-08-10 11:14:58,561] {processor.py:153} INFO - Started process (PID=10417) to work on /home/oury/airflow/dags/airfow_es.py
[2022-08-10 11:14:58,562] {processor.py:641} INFO - Processing file /home/oury/airflow/dags/airfow_es.py for tasks to queue
[2022-08-10 11:14:58,562] {logging_mixin.py:115} INFO - [2022-08-10 11:14:58,562] {dagbag.py:507} INFO - Filling up the DagBag from /home/oury/airflow/dags/airfow_es.py
[2022-08-10 11:14:58,945] {processor.py:651} INFO - DAG(s) dict_keys(['data_pipeline']) retrieved from /home/oury/airflow/dags/airfow_es.py
[2022-08-10 11:14:58,957] {logging_mixin.py:115} INFO - [2022-08-10 11:14:58,956] {dag.py:2379} INFO - Sync 1 DAGs
[2022-08-10 11:14:58,975] {logging_mixin.py:115} INFO - [2022-08-10 11:14:58,975] {dag.py:2923} INFO - Setting next_dagrun for data_pipeline to 2022-08-10T10:10:00+00:00, run_after=2022-08-10T10:15:00+00:00
[2022-08-10 11:14:58,991] {processor.py:161} INFO - Processing /home/oury/airflow/dags/airfow_es.py took 0.432 seconds
[2022-08-10 11:15:21,854] {processor.py:153} INFO - Started process (PID=10441) to work on /home/oury/airflow/dags/airfow_es.py
[2022-08-10 11:15:21,858] {processor.py:641} INFO - Processing file /home/oury/airflow/dags/airfow_es.py for tasks to queue
[2022-08-10 11:15:21,858] {logging_mixin.py:115} INFO - [2022-08-10 11:15:21,858] {dagbag.py:507} INFO - Filling up the DagBag from /home/oury/airflow/dags/airfow_es.py
[2022-08-10 11:15:22,331] {processor.py:651} INFO - DAG(s) dict_keys(['data_pipeline']) retrieved from /home/oury/airflow/dags/airfow_es.py
[2022-08-10 11:15:22,340] {logging_mixin.py:115} INFO - [2022-08-10 11:15:22,340] {dag.py:2379} INFO - Sync 1 DAGs
[2022-08-10 11:15:22,362] {logging_mixin.py:115} INFO - [2022-08-10 11:15:22,362] {dag.py:2923} INFO - Setting next_dagrun for data_pipeline to 2022-08-10T10:15:00+00:00, run_after=2022-08-10T10:20:00+00:00
[2022-08-10 11:15:22,379] {processor.py:161} INFO - Processing /home/oury/airflow/dags/airfow_es.py took 0.528 seconds
